<?xml version="1.0" encoding="UTF-8"?>
<!-- Generated by org.testng.reporters.JUnitXMLReporter -->
<testsuite hostname="Lenovo-PC" ignored="14" name="Test_All" tests="13" failures="0" timestamp="16 Jan 2021 07:29:57 GMT" time="397.354" errors="0">
  <testcase name="createAccountTest" time="20.854" classname="com.mystore.testcases.AccountCreationPageTest"/>
  <testcase name="createAccountTest" time="20.396" classname="com.mystore.testcases.AccountCreationPageTest"/>
  <testcase name="createAccountTest" time="22.082" classname="com.mystore.testcases.AccountCreationPageTest"/>
  <testcase name="verifyCreateAccountPageTest" time="9.895" classname="com.mystore.testcases.AccountCreationPageTest"/>
  <testcase name="addToCartTest" time="15.406" classname="com.mystore.testcases.AddToCartPageTest"/>
  <testcase name="orderHistoryandDetailsTest" time="14.773" classname="com.mystore.testcases.HomePageTest"/>
  <testcase name="wishListTest" time="12.851" classname="com.mystore.testcases.HomePageTest"/>
  <testcase name="verifyTotalPrice" time="19.97" classname="com.mystore.testcases.OrderPageTest"/>
  <testcase name="productAvailabilityTest" time="7.98" classname="com.mystore.testcases.SearchResultPageTest"/>
  <testcase name="loginTest" time="14.253" classname="com.mystore.testcases.LoginPageTest"/>
  <testcase name="verifyLogo" time="0.295" classname="com.mystore.testcases.IndexPageTest"/>
  <testcase name="verifyTitle" time="0.035" classname="com.mystore.testcases.IndexPageTest"/>
  <testcase name="endToEndTest" time="40.765" classname="com.mystore.testcases.EndToEndTest"/>
  <testcase name="@BeforeSuite loadConfig" time="0.0" classname="com.mystore.base.BaseClass">
    <ignored/>
  </testcase> <!-- @BeforeSuite loadConfig -->
  <testcase name="@BeforeSuite loadConfig" time="0.0" classname="com.mystore.base.BaseClass">
    <ignored/>
  </testcase> <!-- @BeforeSuite loadConfig -->
  <testcase name="@BeforeSuite loadConfig" time="0.0" classname="com.mystore.base.BaseClass">
    <ignored/>
  </testcase> <!-- @BeforeSuite loadConfig -->
  <testcase name="@BeforeSuite loadConfig" time="0.0" classname="com.mystore.base.BaseClass">
    <ignored/>
  </testcase> <!-- @BeforeSuite loadConfig -->
  <testcase name="@BeforeSuite loadConfig" time="0.0" classname="com.mystore.base.BaseClass">
    <ignored/>
  </testcase> <!-- @BeforeSuite loadConfig -->
  <testcase name="@BeforeSuite loadConfig" time="0.0" classname="com.mystore.base.BaseClass">
    <ignored/>
  </testcase> <!-- @BeforeSuite loadConfig -->
  <testcase name="@BeforeSuite loadConfig" time="0.0" classname="com.mystore.base.BaseClass">
    <ignored/>
  </testcase> <!-- @BeforeSuite loadConfig -->
  <testcase name="@AfterSuite afterSuite" time="0.0" classname="com.mystore.base.BaseClass">
    <ignored/>
  </testcase> <!-- @AfterSuite afterSuite -->
  <testcase name="@AfterSuite afterSuite" time="0.0" classname="com.mystore.base.BaseClass">
    <ignored/>
  </testcase> <!-- @AfterSuite afterSuite -->
  <testcase name="@AfterSuite afterSuite" time="0.0" classname="com.mystore.base.BaseClass">
    <ignored/>
  </testcase> <!-- @AfterSuite afterSuite -->
  <testcase name="@AfterSuite afterSuite" time="0.0" classname="com.mystore.base.BaseClass">
    <ignored/>
  </testcase> <!-- @AfterSuite afterSuite -->
  <testcase name="@AfterSuite afterSuite" time="0.0" classname="com.mystore.base.BaseClass">
    <ignored/>
  </testcase> <!-- @AfterSuite afterSuite -->
  <testcase name="@AfterSuite afterSuite" time="0.0" classname="com.mystore.base.BaseClass">
    <ignored/>
  </testcase> <!-- @AfterSuite afterSuite -->
  <testcase name="@AfterSuite afterSuite" time="0.0" classname="com.mystore.base.BaseClass">
    <ignored/>
  </testcase> <!-- @AfterSuite afterSuite -->
</testsuite> <!-- Test_All -->
